 In setup
SU(2) with reduced staggered fermions
Microcanonical simulation with refreshing
Machine = Scalar processor, with 1 nodes
Hybrid Monte Carlo algorithm
Phi algorithm
start: Wed Nov 30 17:24:46 2016

type 0 for no prompts or 1 for prompts
nx 4
ny 4
nz 4
nt 4
PBC -1
iseed 21
Nroot 1
Norder 10
Antiperiodic temporal boundary conditions
LAYOUT = Hypercubes, options = hyper_prime,
ON EACH NODE 4 x 4 x 4 x 4
Mallocing 0.2 MBytes per core for lattice
Mallocing 0.0 MBytes per core for fields
Computing SU(2) generators
Real = -0.0 Imag = 0.0
Real = -0.0 Imag = 0.7
Real = -0.0 Imag = 0.7
Real = -0.0 Imag = 0.0
------------------------------------
Real = -0.0 Imag = 0.0
Real = 0.7 Imag = 0.0
Real = -0.7 Imag = 0.0
Real = -0.0 Imag = 0.0
------------------------------------
Real = -0.0 Imag = 0.7
Real = -0.0 Imag = 0.0
Real = -0.0 Imag = 0.0
Real = -0.0 Imag = -0.7
------------------------------------
Using Nroot = 1
RHMC Norder 10 for spectral range In Setup_RHMC
[5e-4, 1000]


Reading parameters for evolution
warms 10
trajecs 20
traj_length 1
nstep 10
nstep_scalar 10
traj_between_meas 3
BETA 1
site_mass 0.1
max_cg_iterations 10000
error_per_site 1e-05
random
forget
random gauge configuration loaded
In Update function
source_norm in grsource 521.7
